Using pre-set license
Built from '2020.3/release' branch; Version is '2020.3.27f1 (e759542391ea) revision 15161684'; Using compiler version '192528614'; Build Type 'Release'
OS: 'Windows 10  (10.0.19043) 64bit Core' Language: 'en' Physical Memory: 16268 MB
BatchMode: 1, IsHumanControllingUs: 0, StartBugReporterOnCrash: 0, Is64bit: 1, IsPro: 0

COMMAND LINE ARGUMENTS:
C:\Program Files\Unity\Hub\Editor\2020.3.27f1\Editor\Unity.exe
-adb2
-batchMode
-noUpm
-name
AssetImportWorker0
-projectPath
F:/Documents/404DevOps/_UnityProjects/DinoJump/dino-jump/DinoJump
-logFile
Logs/AssetImportWorker0.log
-srvPort
52101
Successfully changed project path to: F:/Documents/404DevOps/_UnityProjects/DinoJump/dino-jump/DinoJump
F:/Documents/404DevOps/_UnityProjects/DinoJump/dino-jump/DinoJump
Using Asset Import Pipeline V2.
Refreshing native plugins compatible for Editor in 39.65 ms, found 3 plugins.
Preloading 0 native plugins for Editor in 0.00 ms.
Initialize engine version: 2020.3.27f1 (e759542391ea)
[Subsystems] Discovering subsystems at path C:/Program Files/Unity/Hub/Editor/2020.3.27f1/Editor/Data/Resources/UnitySubsystems
[Subsystems] Discovering subsystems at path F:/Documents/404DevOps/_UnityProjects/DinoJump/dino-jump/DinoJump/Assets
GfxDevice: creating device client; threaded=0
Direct3D:
    Version:  Direct3D 11.0 [level 11.1]
    Renderer: NVIDIA GeForce GTX 1050 (ID=0x1c81)
    Vendor:   
    VRAM:     1977 MB
    Driver:   27.21.14.6259
Initialize mono
Mono path[0] = 'C:/Program Files/Unity/Hub/Editor/2020.3.27f1/Editor/Data/Managed'
Mono path[1] = 'C:/Program Files/Unity/Hub/Editor/2020.3.27f1/Editor/Data/MonoBleedingEdge/lib/mono/unityjit'
Mono config path = 'C:/Program Files/Unity/Hub/Editor/2020.3.27f1/Editor/Data/MonoBleedingEdge/etc'
Using monoOptions --debugger-agent=transport=dt_socket,embedding=1,server=y,suspend=n,address=127.0.0.1:56088
Begin MonoManager ReloadAssembly
Registering precompiled unity dll's ...
Register platform support module: C:/Program Files/Unity/Hub/Editor/2020.3.27f1/Editor/Data/PlaybackEngines/WebGLSupport/UnityEditor.WebGL.Extensions.dll
Register platform support module: C:/Program Files/Unity/Hub/Editor/2020.3.27f1/Editor/Data/PlaybackEngines/WindowsStandaloneSupport/UnityEditor.WindowsStandalone.Extensions.dll
Registered in 0.002249 seconds.
Native extension for WindowsStandalone target not found
Native extension for WebGL target not found
Refreshing native plugins compatible for Editor in 40.08 ms, found 3 plugins.
Preloading 0 native plugins for Editor in 0.00 ms.
Mono: successfully reloaded assembly
- Completed reload, in  0.528 seconds
Domain Reload Profiling:
	ReloadAssembly (528ms)
		BeginReloadAssembly (63ms)
			ExecutionOrderSort (0ms)
			DisableScriptedObjects (0ms)
			BackupInstance (0ms)
			ReleaseScriptingObjects (0ms)
			CreateAndSetChildDomain (1ms)
		EndReloadAssembly (404ms)
			LoadAssemblies (61ms)
			RebuildTransferFunctionScriptingTraits (0ms)
			SetupTypeCache (134ms)
			ReleaseScriptCaches (0ms)
			RebuildScriptCaches (27ms)
			SetupLoadedEditorAssemblies (152ms)
				LogAssemblyErrors (0ms)
				InitializePlatformSupportModulesInManaged (4ms)
				SetLoadedEditorAssemblies (0ms)
				RefreshPlugins (40ms)
				BeforeProcessingInitializeOnLoad (15ms)
				ProcessInitializeOnLoadAttributes (69ms)
				ProcessInitializeOnLoadMethodAttributes (23ms)
				AfterProcessingInitializeOnLoad (0ms)
				EditorAssembliesLoaded (0ms)
			ExecutionOrderSort2 (0ms)
			AwakeInstancesAfterBackupRestoration (0ms)
Platform modules already initialized, skipping
Registering precompiled user dll's ...
Registered in 0.002985 seconds.
Begin MonoManager ReloadAssembly
Symbol file data-000001E20CC7DB60 doesn't match image F:\Documents\404DevOps\_UnityProjects\DinoJump\dino-jump\DinoJump\Library\ScriptAssemblies\Assembly-CSharp.dll
Symbol file LoadedFromMemory is not a mono symbol file
Symbol file data-000001E21179B010 doesn't match image F:\Documents\404DevOps\_UnityProjects\DinoJump\dino-jump\DinoJump\Library\ScriptAssemblies\Unity.2D.Animation.Editor.dll
Symbol file LoadedFromMemory is not a mono symbol file
Symbol file data-000001E210B2DCF0 doesn't match image F:\Documents\404DevOps\_UnityProjects\DinoJump\dino-jump\DinoJump\Library\ScriptAssemblies\Unity.InternalAPIEngineBridge.001.dll
Symbol file LoadedFromMemory is not a mono symbol file
Symbol file data-000001E20C7E9C30 doesn't match image F:\Documents\404DevOps\_UnityProjects\DinoJump\dino-jump\DinoJump\Library\ScriptAssemblies\Unity.VSCode.Editor.dll
Symbol file LoadedFromMemory is not a mono symbol file
Symbol file data-000001E210601100 doesn't match image F:\Documents\404DevOps\_UnityProjects\DinoJump\dino-jump\DinoJump\Library\ScriptAssemblies\Unity.2D.PixelPerfect.dll
Symbol file LoadedFromMemory is not a mono symbol file
Symbol file data-000001E210999C30 doesn't match image F:\Documents\404DevOps\_UnityProjects\DinoJump\dino-jump\DinoJump\Library\ScriptAssemblies\Unity.2D.Tilemap.Editor.dll
Symbol file LoadedFromMemory is not a mono symbol file
Symbol file data-000001E20CE3CC50 doesn't match image F:\Documents\404DevOps\_UnityProjects\DinoJump\dino-jump\DinoJump\Library\ScriptAssemblies\PsdPlugin.dll
Symbol file LoadedFromMemory is not a mono symbol file
Symbol file data-000001E21091C020 doesn't match image F:\Documents\404DevOps\_UnityProjects\DinoJump\dino-jump\DinoJump\Library\ScriptAssemblies\Unity.TextMeshPro.Editor.dll
Symbol file LoadedFromMemory is not a mono symbol file
Symbol file data-000001E210C0D020 doesn't match image F:\Documents\404DevOps\_UnityProjects\DinoJump\dino-jump\DinoJump\Library\ScriptAssemblies\Unity.VisualStudio.Editor.dll
Symbol file LoadedFromMemory is not a mono symbol file
Symbol file data-000001E20CE3CC50 doesn't match image F:\Documents\404DevOps\_UnityProjects\DinoJump\dino-jump\DinoJump\Library\ScriptAssemblies\UnityEngine.TestRunner.dll
Symbol file LoadedFromMemory is not a mono symbol file
Symbol file data-000001E21094C040 doesn't match image F:\Documents\404DevOps\_UnityProjects\DinoJump\dino-jump\DinoJump\Library\ScriptAssemblies\Unity.Timeline.dll
Symbol file LoadedFromMemory is not a mono symbol file
Symbol file data-000001E20CF40010 doesn't match image F:\Documents\404DevOps\_UnityProjects\DinoJump\dino-jump\DinoJump\Library\ScriptAssemblies\Unity.TextMeshPro.dll
Symbol file LoadedFromMemory is not a mono symbol file
Symbol file data-000001E21094C040 doesn't match image F:\Documents\404DevOps\_UnityProjects\DinoJump\dino-jump\DinoJump\Library\ScriptAssemblies\UnityEditor.TestRunner.dll
Symbol file LoadedFromMemory is not a mono symbol file
Symbol file data-000001E20C7E9C30 doesn't match image F:\Documents\404DevOps\_UnityProjects\DinoJump\dino-jump\DinoJump\Library\ScriptAssemblies\Unity.2D.IK.Editor.dll
Symbol file LoadedFromMemory is not a mono symbol file
Symbol file data-000001E21094C040 doesn't match image F:\Documents\404DevOps\_UnityProjects\DinoJump\dino-jump\DinoJump\Library\ScriptAssemblies\Unity.2D.Sprite.Editor.dll
Symbol file LoadedFromMemory is not a mono symbol file
Symbol file data-000001E20CE3CC50 doesn't match image F:\Documents\404DevOps\_UnityProjects\DinoJump\dino-jump\DinoJump\Library\ScriptAssemblies\Unity.2D.Psdimporter.Editor.dll
Symbol file LoadedFromMemory is not a mono symbol file
Symbol file data-000001E20CE3CC50 doesn't match image F:\Documents\404DevOps\_UnityProjects\DinoJump\dino-jump\DinoJump\Library\ScriptAssemblies\Unity.2D.Path.Editor.dll
Symbol file LoadedFromMemory is not a mono symbol file
Symbol file data-000001E20C638010 doesn't match image F:\Documents\404DevOps\_UnityProjects\DinoJump\dino-jump\DinoJump\Library\ScriptAssemblies\Unity.InternalAPIEditorBridge.001.dll
Symbol file LoadedFromMemory is not a mono symbol file
Symbol file data-000001E20CE3CC50 doesn't match image F:\Documents\404DevOps\_UnityProjects\DinoJump\dino-jump\DinoJump\Library\ScriptAssemblies\UnityEditor.UI.dll
Symbol file LoadedFromMemory is not a mono symbol file
Symbol file data-000001E210646010 doesn't match image F:\Documents\404DevOps\_UnityProjects\DinoJump\dino-jump\DinoJump\Library\ScriptAssemblies\Unity.PlasticSCM.Editor.dll
Symbol file LoadedFromMemory is not a mono symbol file
Symbol file data-000001E210C37B90 doesn't match image F:\Documents\404DevOps\_UnityProjects\DinoJump\dino-jump\DinoJump\Library\ScriptAssemblies\Unity.Rider.Editor.dll
Symbol file LoadedFromMemory is not a mono symbol file
Symbol file data-000001E2111B6630 doesn't match image F:\Documents\404DevOps\_UnityProjects\DinoJump\dino-jump\DinoJump\Library\ScriptAssemblies\UnityEngine.UI.dll
Symbol file LoadedFromMemory is not a mono symbol file
Symbol file data-000001E210340080 doesn't match image F:\Documents\404DevOps\_UnityProjects\DinoJump\dino-jump\DinoJump\Library\ScriptAssemblies\Unity.Mathematics.dll
Symbol file LoadedFromMemory is not a mono symbol file
Symbol file data-000001E20C7E9C30 doesn't match image F:\Documents\404DevOps\_UnityProjects\DinoJump\dino-jump\DinoJump\Library\ScriptAssemblies\Unity.2D.IK.Runtime.dll
Symbol file LoadedFromMemory is not a mono symbol file
Symbol file data-000001E2118ED3F0 doesn't match image F:\Documents\404DevOps\_UnityProjects\DinoJump\dino-jump\DinoJump\Library\ScriptAssemblies\Unity.Services.Core.Editor.dll
Symbol file LoadedFromMemory is not a mono symbol file
Symbol file data-000001E2119B9C30 doesn't match image F:\Documents\404DevOps\_UnityProjects\DinoJump\dino-jump\DinoJump\Library\ScriptAssemblies\Unity.2D.Animation.Triangle.Runtime.dll
Symbol file LoadedFromMemory is not a mono symbol file
Symbol file data-000001E21095D450 doesn't match image F:\Documents\404DevOps\_UnityProjects\DinoJump\dino-jump\DinoJump\Library\ScriptAssemblies\Unity.2D.Animation.Runtime.dll
Symbol file LoadedFromMemory is not a mono symbol file
Symbol file data-000001E20CBD54E0 doesn't match image F:\Documents\404DevOps\_UnityProjects\DinoJump\dino-jump\DinoJump\Library\ScriptAssemblies\Unity.2D.PixelPerfect.Editor.dll
Symbol file LoadedFromMemory is not a mono symbol file
Symbol file data-000001E211914010 doesn't match image F:\Documents\404DevOps\_UnityProjects\DinoJump\dino-jump\DinoJump\Library\ScriptAssemblies\Unity.Timeline.Editor.dll
Symbol file LoadedFromMemory is not a mono symbol file
Symbol file data-000001E20CE3CC50 doesn't match image F:\Documents\404DevOps\_UnityProjects\DinoJump\dino-jump\DinoJump\Library\ScriptAssemblies\Unity.CollabProxy.Editor.dll
Symbol file LoadedFromMemory is not a mono symbol file
Symbol file data-000001E20CC7DB60 doesn't match image F:\Documents\404DevOps\_UnityProjects\DinoJump\dino-jump\DinoJump\Library\ScriptAssemblies\Unity.Mathematics.Editor.dll
Symbol file LoadedFromMemory is not a mono symbol file
Symbol file data-000001E20CF7E430 doesn't match image F:\Documents\404DevOps\_UnityProjects\DinoJump\dino-jump\DinoJump\Library\ScriptAssemblies\Unity.2D.SpriteShape.Editor.dll
Symbol file LoadedFromMemory is not a mono symbol file
Symbol file data-000001E20C7E9C30 doesn't match image F:\Documents\404DevOps\_UnityProjects\DinoJump\dino-jump\DinoJump\Library\ScriptAssemblies\Unity.2D.Common.Editor.dll
Symbol file LoadedFromMemory is not a mono symbol file
Symbol file data-000001E2119CDE40 doesn't match image F:\Documents\404DevOps\_UnityProjects\DinoJump\dino-jump\DinoJump\Library\ScriptAssemblies\Unity.2D.SpriteShape.Runtime.dll
Symbol file LoadedFromMemory is not a mono symbol file
Native extension for WindowsStandalone target not found
Native extension for WebGL target not found
Refreshing native plugins compatible for Editor in 47.40 ms, found 3 plugins.
Preloading 0 native plugins for Editor in 0.00 ms.
Mono: successfully reloaded assembly
- Completed reload, in  1.068 seconds
Domain Reload Profiling:
	ReloadAssembly (1069ms)
		BeginReloadAssembly (137ms)
			ExecutionOrderSort (0ms)
			DisableScriptedObjects (4ms)
			BackupInstance (0ms)
			ReleaseScriptingObjects (0ms)
			CreateAndSetChildDomain (17ms)
		EndReloadAssembly (880ms)
			LoadAssemblies (91ms)
			RebuildTransferFunctionScriptingTraits (0ms)
			SetupTypeCache (277ms)
			ReleaseScriptCaches (0ms)
			RebuildScriptCaches (46ms)
			SetupLoadedEditorAssemblies (305ms)
				LogAssemblyErrors (0ms)
				InitializePlatformSupportModulesInManaged (4ms)
				SetLoadedEditorAssemblies (0ms)
				RefreshPlugins (47ms)
				BeforeProcessingInitializeOnLoad (70ms)
				ProcessInitializeOnLoadAttributes (164ms)
				ProcessInitializeOnLoadMethodAttributes (14ms)
				AfterProcessingInitializeOnLoad (6ms)
				EditorAssembliesLoaded (0ms)
			ExecutionOrderSort2 (0ms)
			AwakeInstancesAfterBackupRestoration (5ms)
Platform modules already initialized, skipping
========================================================================
Worker process is ready to serve import requests
Launched and connected shader compiler UnityShaderCompiler.exe after 0.04 seconds
Refreshing native plugins compatible for Editor in 0.41 ms, found 3 plugins.
Preloading 0 native plugins for Editor in 0.00 ms.
Unloading 2203 Unused Serialized files (Serialized files now loaded: 0)
System memory in use before: 96.2 MB.
System memory in use after: 96.1 MB.

Unloading 34 unused Assets to reduce memory usage. Loaded Objects now: 2631.
Total: 2.760500 ms (FindLiveObjects: 0.171400 ms CreateObjectMapping: 0.071300 ms MarkObjects: 2.327900 ms  DeleteObjects: 0.188800 ms)

AssetImportParameters requested are different than current active one (requested -> active):
  custom:framework-win-MediaFoundation: 216162199b28c13a410421893ffa2e32 -> 
  custom:video-decoder-ogg-theora: a1e56fd34408186e4bbccfd4996cb3dc -> 
  custom:container-muxer-webm: aa71ff27fc2769a1b78a27578f13a17b -> 
  custom:container-demuxer-webm: 4f35f7cbe854078d1ac9338744f61a02 -> 
  custom:container-demuxer-ogg: 62fdf1f143b41e24485cea50d1cbac27 -> 
  custom:video-encoder-webm-vp8: eb34c28f22e8b96e1ab97ce403110664 -> 
  custom:video-codec-MediaFoundation-h265: 746d11721c4dcdbdad8f713fa42b33f4 -> 
  custom:video-decoder-webm-vp8: 9c59270c3fd7afecdb556c50c9e8de78 -> 
  custom:audio-decoder-ogg-vorbis: bf7c407c2cedff20999df2af8eb42d56 -> 
  custom:audio-encoder-webm-vorbis: bf7c407c2cedff20999df2af8eb42d56 -> 
========================================================================
Received Import Request.
  path: Assets/Sprites
  artifactKey: Guid(55d4e4e6de4b1314092c855ae6cc0141) Importer(815301076,1909f56bfc062723c751e8b465ee728b)
Start importing Assets/Sprites using Guid(55d4e4e6de4b1314092c855ae6cc0141) Importer(815301076,1909f56bfc062723c751e8b465ee728b)  -> (artifact id: '6d1053fe2be12c69b134e97668b43a53') in 0.022524 seconds 
  Import took 0.025239 seconds .

========================================================================
Received Import Request.
  Time since last request: 206.099268 seconds.
  path: Assets/Sprites/PremiumRex.png
  artifactKey: Guid(fae88913e469e8e46b03ccf4e32cc56e) Importer(815301076,1909f56bfc062723c751e8b465ee728b)
Start importing Assets/Sprites/PremiumRex.png using Guid(fae88913e469e8e46b03ccf4e32cc56e) Importer(815301076,1909f56bfc062723c751e8b465ee728b)  -> (artifact id: '2cefa71baba8bf884cfbe0c8230a1722') in 0.135229 seconds 
  Import took 0.138936 seconds .

========================================================================
Received Import Request.
  Time since last request: 42.476634 seconds.
  path: Assets/Sprites/PremiumRex.png
  artifactKey: Guid(fae88913e469e8e46b03ccf4e32cc56e) Importer(815301076,1909f56bfc062723c751e8b465ee728b)
Start importing Assets/Sprites/PremiumRex.png using Guid(fae88913e469e8e46b03ccf4e32cc56e) Importer(815301076,1909f56bfc062723c751e8b465ee728b)  -> (artifact id: '492177978729ff10e805257f6ef1220a') in 0.025313 seconds 
  Import took 0.028211 seconds .

========================================================================
Received Prepare
Registering precompiled user dll's ...
Registered in 0.003179 seconds.
Begin MonoManager ReloadAssembly
Symbol file data-000001E215FAE530 doesn't match image F:\Documents\404DevOps\_UnityProjects\DinoJump\dino-jump\DinoJump\Library\ScriptAssemblies\Assembly-CSharp.dll
Symbol file LoadedFromMemory is not a mono symbol file
Symbol file data-000001E210D8F020 doesn't match image F:\Documents\404DevOps\_UnityProjects\DinoJump\dino-jump\DinoJump\Library\ScriptAssemblies\Unity.2D.Animation.Editor.dll
Symbol file LoadedFromMemory is not a mono symbol file
Symbol file data-000001E215D15CF0 doesn't match image F:\Documents\404DevOps\_UnityProjects\DinoJump\dino-jump\DinoJump\Library\ScriptAssemblies\Unity.InternalAPIEngineBridge.001.dll
Symbol file LoadedFromMemory is not a mono symbol file
Symbol file data-000001E20CFC1F70 doesn't match image F:\Documents\404DevOps\_UnityProjects\DinoJump\dino-jump\DinoJump\Library\ScriptAssemblies\Unity.VSCode.Editor.dll
Symbol file LoadedFromMemory is not a mono symbol file
Symbol file data-000001E215FAE530 doesn't match image F:\Documents\404DevOps\_UnityProjects\DinoJump\dino-jump\DinoJump\Library\ScriptAssemblies\Unity.2D.PixelPerfect.dll
Symbol file LoadedFromMemory is not a mono symbol file
Symbol file data-000001E214C60030 doesn't match image F:\Documents\404DevOps\_UnityProjects\DinoJump\dino-jump\DinoJump\Library\ScriptAssemblies\Unity.2D.Tilemap.Editor.dll
Symbol file LoadedFromMemory is not a mono symbol file
Symbol file data-000001E20C6E2C30 doesn't match image F:\Documents\404DevOps\_UnityProjects\DinoJump\dino-jump\DinoJump\Library\ScriptAssemblies\PsdPlugin.dll
Symbol file LoadedFromMemory is not a mono symbol file
Symbol file data-000001E212460030 doesn't match image F:\Documents\404DevOps\_UnityProjects\DinoJump\dino-jump\DinoJump\Library\ScriptAssemblies\Unity.TextMeshPro.Editor.dll
Symbol file LoadedFromMemory is not a mono symbol file
Symbol file data-000001E21073A020 doesn't match image F:\Documents\404DevOps\_UnityProjects\DinoJump\dino-jump\DinoJump\Library\ScriptAssemblies\Unity.VisualStudio.Editor.dll
Symbol file LoadedFromMemory is not a mono symbol file
Symbol file data-000001E21087D010 doesn't match image F:\Documents\404DevOps\_UnityProjects\DinoJump\dino-jump\DinoJump\Library\ScriptAssemblies\UnityEngine.TestRunner.dll
Symbol file LoadedFromMemory is not a mono symbol file
Symbol file data-000001E214C60030 doesn't match image F:\Documents\404DevOps\_UnityProjects\DinoJump\dino-jump\DinoJump\Library\ScriptAssemblies\Unity.Timeline.dll
Symbol file LoadedFromMemory is not a mono symbol file
Symbol file data-000001E210D8F020 doesn't match image F:\Documents\404DevOps\_UnityProjects\DinoJump\dino-jump\DinoJump\Library\ScriptAssemblies\Unity.TextMeshPro.dll
Symbol file LoadedFromMemory is not a mono symbol file
Symbol file data-000001E212528020 doesn't match image F:\Documents\404DevOps\_UnityProjects\DinoJump\dino-jump\DinoJump\Library\ScriptAssemblies\UnityEditor.TestRunner.dll
Symbol file LoadedFromMemory is not a mono symbol file
Symbol file data-000001E20CFC1F70 doesn't match image F:\Documents\404DevOps\_UnityProjects\DinoJump\dino-jump\DinoJump\Library\ScriptAssemblies\Unity.2D.IK.Editor.dll
Symbol file LoadedFromMemory is not a mono symbol file
Symbol file data-000001E210DBD230 doesn't match image F:\Documents\404DevOps\_UnityProjects\DinoJump\dino-jump\DinoJump\Library\ScriptAssemblies\Unity.2D.Sprite.Editor.dll
Symbol file LoadedFromMemory is not a mono symbol file
Symbol file data-000001E21073A020 doesn't match image F:\Documents\404DevOps\_UnityProjects\DinoJump\dino-jump\DinoJump\Library\ScriptAssemblies\Unity.2D.Psdimporter.Editor.dll
Symbol file LoadedFromMemory is not a mono symbol file
Symbol file data-000001E20C6E2C30 doesn't match image F:\Documents\404DevOps\_UnityProjects\DinoJump\dino-jump\DinoJump\Library\ScriptAssemblies\Unity.2D.Path.Editor.dll
Symbol file LoadedFromMemory is not a mono symbol file
Symbol file data-000001E21475C020 doesn't match image F:\Documents\404DevOps\_UnityProjects\DinoJump\dino-jump\DinoJump\Library\ScriptAssemblies\Unity.InternalAPIEditorBridge.001.dll
Symbol file LoadedFromMemory is not a mono symbol file
Symbol file data-000001E210C0D020 doesn't match image F:\Documents\404DevOps\_UnityProjects\DinoJump\dino-jump\DinoJump\Library\ScriptAssemblies\UnityEditor.UI.dll
Symbol file LoadedFromMemory is not a mono symbol file
Symbol file data-000001E21091C020 doesn't match image F:\Documents\404DevOps\_UnityProjects\DinoJump\dino-jump\DinoJump\Library\ScriptAssemblies\Unity.PlasticSCM.Editor.dll
Symbol file LoadedFromMemory is not a mono symbol file
Symbol file data-000001E211E48030 doesn't match image F:\Documents\404DevOps\_UnityProjects\DinoJump\dino-jump\DinoJump\Library\ScriptAssemblies\Unity.Rider.Editor.dll
Symbol file LoadedFromMemory is not a mono symbol file
Symbol file data-000001E21198C020 doesn't match image F:\Documents\404DevOps\_UnityProjects\DinoJump\dino-jump\DinoJump\Library\ScriptAssemblies\UnityEngine.UI.dll
Symbol file LoadedFromMemory is not a mono symbol file
Symbol file data-000001E210340080 doesn't match image F:\Documents\404DevOps\_UnityProjects\DinoJump\dino-jump\DinoJump\Library\ScriptAssemblies\Unity.Mathematics.dll
Symbol file LoadedFromMemory is not a mono symbol file
Symbol file data-000001E20CC0D150 doesn't match image F:\Documents\404DevOps\_UnityProjects\DinoJump\dino-jump\DinoJump\Library\ScriptAssemblies\Unity.2D.IK.Runtime.dll
Symbol file LoadedFromMemory is not a mono symbol file
Symbol file data-000001E211E48030 doesn't match image F:\Documents\404DevOps\_UnityProjects\DinoJump\dino-jump\DinoJump\Library\ScriptAssemblies\Unity.Services.Core.Editor.dll
Symbol file LoadedFromMemory is not a mono symbol file
Symbol file data-000001E214974050 doesn't match image F:\Documents\404DevOps\_UnityProjects\DinoJump\dino-jump\DinoJump\Library\ScriptAssemblies\Unity.2D.Animation.Triangle.Runtime.dll
Symbol file LoadedFromMemory is not a mono symbol file
Symbol file data-000001E212232020 doesn't match image F:\Documents\404DevOps\_UnityProjects\DinoJump\dino-jump\DinoJump\Library\ScriptAssemblies\Unity.2D.Animation.Runtime.dll
Symbol file LoadedFromMemory is not a mono symbol file
Symbol file data-000001E214C71440 doesn't match image F:\Documents\404DevOps\_UnityProjects\DinoJump\dino-jump\DinoJump\Library\ScriptAssemblies\Unity.2D.PixelPerfect.Editor.dll
Symbol file LoadedFromMemory is not a mono symbol file
Symbol file data-000001E21263C020 doesn't match image F:\Documents\404DevOps\_UnityProjects\DinoJump\dino-jump\DinoJump\Library\ScriptAssemblies\Unity.Timeline.Editor.dll
Symbol file LoadedFromMemory is not a mono symbol file
Symbol file data-000001E21087D010 doesn't match image F:\Documents\404DevOps\_UnityProjects\DinoJump\dino-jump\DinoJump\Library\ScriptAssemblies\Unity.CollabProxy.Editor.dll
Symbol file LoadedFromMemory is not a mono symbol file
Symbol file data-000001E215FAE530 doesn't match image F:\Documents\404DevOps\_UnityProjects\DinoJump\dino-jump\DinoJump\Library\ScriptAssemblies\Unity.Mathematics.Editor.dll
Symbol file LoadedFromMemory is not a mono symbol file
Symbol file data-000001E21073A020 doesn't match image F:\Documents\404DevOps\_UnityProjects\DinoJump\dino-jump\DinoJump\Library\ScriptAssemblies\Unity.2D.SpriteShape.Editor.dll
Symbol file LoadedFromMemory is not a mono symbol file
Symbol file data-000001E20CFC1F70 doesn't match image F:\Documents\404DevOps\_UnityProjects\DinoJump\dino-jump\DinoJump\Library\ScriptAssemblies\Unity.2D.Common.Editor.dll
Symbol file LoadedFromMemory is not a mono symbol file
Symbol file data-000001E2139BE010 doesn't match image F:\Documents\404DevOps\_UnityProjects\DinoJump\dino-jump\DinoJump\Library\ScriptAssemblies\Unity.2D.SpriteShape.Runtime.dll
Symbol file LoadedFromMemory is not a mono symbol file
Native extension for WindowsStandalone target not found
Native extension for WebGL target not found
Refreshing native plugins compatible for Editor in 0.85 ms, found 3 plugins.
Preloading 0 native plugins for Editor in 0.00 ms.
Mono: successfully reloaded assembly
- Completed reload, in  1.074 seconds
Domain Reload Profiling:
	ReloadAssembly (1075ms)
		BeginReloadAssembly (131ms)
			ExecutionOrderSort (0ms)
			DisableScriptedObjects (6ms)
			BackupInstance (0ms)
			ReleaseScriptingObjects (0ms)
			CreateAndSetChildDomain (35ms)
		EndReloadAssembly (880ms)
			LoadAssemblies (113ms)
			RebuildTransferFunctionScriptingTraits (0ms)
			SetupTypeCache (321ms)
			ReleaseScriptCaches (1ms)
			RebuildScriptCaches (42ms)
			SetupLoadedEditorAssemblies (318ms)
				LogAssemblyErrors (0ms)
				InitializePlatformSupportModulesInManaged (5ms)
				SetLoadedEditorAssemblies (0ms)
				RefreshPlugins (1ms)
				BeforeProcessingInitializeOnLoad (86ms)
				ProcessInitializeOnLoadAttributes (208ms)
				ProcessInitializeOnLoadMethodAttributes (11ms)
				AfterProcessingInitializeOnLoad (7ms)
				EditorAssembliesLoaded (0ms)
			ExecutionOrderSort2 (0ms)
			AwakeInstancesAfterBackupRestoration (10ms)
Platform modules already initialized, skipping
Refreshing native plugins compatible for Editor in 0.44 ms, found 3 plugins.
Preloading 0 native plugins for Editor in 0.00 ms.
Unloading 2198 Unused Serialized files (Serialized files now loaded: 0)
System memory in use before: 99.1 MB.
System memory in use after: 99.1 MB.

Unloading 23 unused Assets to reduce memory usage. Loaded Objects now: 2639.
Total: 3.165000 ms (FindLiveObjects: 0.208100 ms CreateObjectMapping: 0.112700 ms MarkObjects: 2.731400 ms  DeleteObjects: 0.111000 ms)

AssetImportParameters requested are different than current active one (requested -> active):
  custom:framework-win-MediaFoundation: 216162199b28c13a410421893ffa2e32 -> 
  custom:video-decoder-ogg-theora: a1e56fd34408186e4bbccfd4996cb3dc -> 
  custom:container-muxer-webm: aa71ff27fc2769a1b78a27578f13a17b -> 
  custom:container-demuxer-webm: 4f35f7cbe854078d1ac9338744f61a02 -> 
  custom:container-demuxer-ogg: 62fdf1f143b41e24485cea50d1cbac27 -> 
  custom:video-encoder-webm-vp8: eb34c28f22e8b96e1ab97ce403110664 -> 
  custom:video-codec-MediaFoundation-h265: 746d11721c4dcdbdad8f713fa42b33f4 -> 
  custom:video-decoder-webm-vp8: 9c59270c3fd7afecdb556c50c9e8de78 -> 
  custom:audio-decoder-ogg-vorbis: bf7c407c2cedff20999df2af8eb42d56 -> 
  custom:audio-encoder-webm-vorbis: bf7c407c2cedff20999df2af8eb42d56 -> 
========================================================================
Received Prepare
Registering precompiled user dll's ...
Registered in 0.002791 seconds.
Begin MonoManager ReloadAssembly
Symbol file data-000001E213996040 doesn't match image F:\Documents\404DevOps\_UnityProjects\DinoJump\dino-jump\DinoJump\Library\ScriptAssemblies\Assembly-CSharp.dll
Symbol file LoadedFromMemory is not a mono symbol file
Symbol file data-000001E214507010 doesn't match image F:\Documents\404DevOps\_UnityProjects\DinoJump\dino-jump\DinoJump\Library\ScriptAssemblies\Unity.2D.Animation.Editor.dll
Symbol file LoadedFromMemory is not a mono symbol file
Symbol file data-000001E2162E2290 doesn't match image F:\Documents\404DevOps\_UnityProjects\DinoJump\dino-jump\DinoJump\Library\ScriptAssemblies\Unity.InternalAPIEngineBridge.001.dll
Symbol file LoadedFromMemory is not a mono symbol file
Symbol file data-000001E20CB3F290 doesn't match image F:\Documents\404DevOps\_UnityProjects\DinoJump\dino-jump\DinoJump\Library\ScriptAssemblies\Unity.VSCode.Editor.dll
Symbol file LoadedFromMemory is not a mono symbol file
Symbol file data-000001E213996040 doesn't match image F:\Documents\404DevOps\_UnityProjects\DinoJump\dino-jump\DinoJump\Library\ScriptAssemblies\Unity.2D.PixelPerfect.dll
Symbol file LoadedFromMemory is not a mono symbol file
Symbol file data-000001E2141B1020 doesn't match image F:\Documents\404DevOps\_UnityProjects\DinoJump\dino-jump\DinoJump\Library\ScriptAssemblies\Unity.2D.Tilemap.Editor.dll
Symbol file LoadedFromMemory is not a mono symbol file
Symbol file data-000001E20CA1B010 doesn't match image F:\Documents\404DevOps\_UnityProjects\DinoJump\dino-jump\DinoJump\Library\ScriptAssemblies\PsdPlugin.dll
Symbol file LoadedFromMemory is not a mono symbol file
Symbol file data-000001E210C25D80 doesn't match image F:\Documents\404DevOps\_UnityProjects\DinoJump\dino-jump\DinoJump\Library\ScriptAssemblies\Unity.TextMeshPro.Editor.dll
Symbol file LoadedFromMemory is not a mono symbol file
Symbol file data-000001E20CDCC820 doesn't match image F:\Documents\404DevOps\_UnityProjects\DinoJump\dino-jump\DinoJump\Library\ScriptAssemblies\Unity.VisualStudio.Editor.dll
Symbol file LoadedFromMemory is not a mono symbol file
Symbol file data-000001E20CA1B010 doesn't match image F:\Documents\404DevOps\_UnityProjects\DinoJump\dino-jump\DinoJump\Library\ScriptAssemblies\UnityEngine.TestRunner.dll
Symbol file LoadedFromMemory is not a mono symbol file
Symbol file data-000001E2141B1020 doesn't match image F:\Documents\404DevOps\_UnityProjects\DinoJump\dino-jump\DinoJump\Library\ScriptAssemblies\Unity.Timeline.dll
Symbol file LoadedFromMemory is not a mono symbol file
Symbol file data-000001E210646010 doesn't match image F:\Documents\404DevOps\_UnityProjects\DinoJump\dino-jump\DinoJump\Library\ScriptAssemblies\Unity.TextMeshPro.dll
Symbol file LoadedFromMemory is not a mono symbol file
Symbol file data-000001E215534010 doesn't match image F:\Documents\404DevOps\_UnityProjects\DinoJump\dino-jump\DinoJump\Library\ScriptAssemblies\UnityEditor.TestRunner.dll
Symbol file LoadedFromMemory is not a mono symbol file
Symbol file data-000001E20CB3F290 doesn't match image F:\Documents\404DevOps\_UnityProjects\DinoJump\dino-jump\DinoJump\Library\ScriptAssemblies\Unity.2D.IK.Editor.dll
Symbol file LoadedFromMemory is not a mono symbol file
Symbol file data-000001E215534010 doesn't match image F:\Documents\404DevOps\_UnityProjects\DinoJump\dino-jump\DinoJump\Library\ScriptAssemblies\Unity.2D.Sprite.Editor.dll
Symbol file LoadedFromMemory is not a mono symbol file
Symbol file data-000001E214287880 doesn't match image F:\Documents\404DevOps\_UnityProjects\DinoJump\dino-jump\DinoJump\Library\ScriptAssemblies\Unity.2D.Psdimporter.Editor.dll
Symbol file LoadedFromMemory is not a mono symbol file
Symbol file data-000001E20CA1B010 doesn't match image F:\Documents\404DevOps\_UnityProjects\DinoJump\dino-jump\DinoJump\Library\ScriptAssemblies\Unity.2D.Path.Editor.dll
Symbol file LoadedFromMemory is not a mono symbol file
Symbol file data-000001E213F3D030 doesn't match image F:\Documents\404DevOps\_UnityProjects\DinoJump\dino-jump\DinoJump\Library\ScriptAssemblies\Unity.InternalAPIEditorBridge.001.dll
Symbol file LoadedFromMemory is not a mono symbol file
Symbol file data-000001E2125CE030 doesn't match image F:\Documents\404DevOps\_UnityProjects\DinoJump\dino-jump\DinoJump\Library\ScriptAssemblies\UnityEditor.UI.dll
Symbol file LoadedFromMemory is not a mono symbol file
Symbol file data-000001E2139E2010 doesn't match image F:\Documents\404DevOps\_UnityProjects\DinoJump\dino-jump\DinoJump\Library\ScriptAssemblies\Unity.PlasticSCM.Editor.dll
Symbol file LoadedFromMemory is not a mono symbol file
Symbol file data-000001E2125CE030 doesn't match image F:\Documents\404DevOps\_UnityProjects\DinoJump\dino-jump\DinoJump\Library\ScriptAssemblies\Unity.Rider.Editor.dll
Symbol file LoadedFromMemory is not a mono symbol file
Symbol file data-000001E2106AB010 doesn't match image F:\Documents\404DevOps\_UnityProjects\DinoJump\dino-jump\DinoJump\Library\ScriptAssemblies\UnityEngine.UI.dll
Symbol file LoadedFromMemory is not a mono symbol file
Symbol file data-000001E215FB62C0 doesn't match image F:\Documents\404DevOps\_UnityProjects\DinoJump\dino-jump\DinoJump\Library\ScriptAssemblies\Unity.Mathematics.dll
Symbol file LoadedFromMemory is not a mono symbol file
Symbol file data-000001E20C613220 doesn't match image F:\Documents\404DevOps\_UnityProjects\DinoJump\dino-jump\DinoJump\Library\ScriptAssemblies\Unity.2D.IK.Runtime.dll
Symbol file LoadedFromMemory is not a mono symbol file
Symbol file data-000001E2125CE030 doesn't match image F:\Documents\404DevOps\_UnityProjects\DinoJump\dino-jump\DinoJump\Library\ScriptAssemblies\Unity.Services.Core.Editor.dll
Symbol file LoadedFromMemory is not a mono symbol file
Symbol file data-000001E210A96020 doesn't match image F:\Documents\404DevOps\_UnityProjects\DinoJump\dino-jump\DinoJump\Library\ScriptAssemblies\Unity.2D.Animation.Triangle.Runtime.dll
Symbol file LoadedFromMemory is not a mono symbol file
Symbol file data-000001E20CE085D0 doesn't match image F:\Documents\404DevOps\_UnityProjects\DinoJump\dino-jump\DinoJump\Library\ScriptAssemblies\Unity.2D.Animation.Runtime.dll
Symbol file LoadedFromMemory is not a mono symbol file
Symbol file data-000001E2117D8820 doesn't match image F:\Documents\404DevOps\_UnityProjects\DinoJump\dino-jump\DinoJump\Library\ScriptAssemblies\Unity.2D.PixelPerfect.Editor.dll
Symbol file LoadedFromMemory is not a mono symbol file
Symbol file data-000001E213B44010 doesn't match image F:\Documents\404DevOps\_UnityProjects\DinoJump\dino-jump\DinoJump\Library\ScriptAssemblies\Unity.Timeline.Editor.dll
Symbol file LoadedFromMemory is not a mono symbol file
Symbol file data-000001E2112FC010 doesn't match image F:\Documents\404DevOps\_UnityProjects\DinoJump\dino-jump\DinoJump\Library\ScriptAssemblies\Unity.CollabProxy.Editor.dll
Symbol file LoadedFromMemory is not a mono symbol file
Symbol file data-000001E213996040 doesn't match image F:\Documents\404DevOps\_UnityProjects\DinoJump\dino-jump\DinoJump\Library\ScriptAssemblies\Unity.Mathematics.Editor.dll
Symbol file LoadedFromMemory is not a mono symbol file
Symbol file data-000001E21073A020 doesn't match image F:\Documents\404DevOps\_UnityProjects\DinoJump\dino-jump\DinoJump\Library\ScriptAssemblies\Unity.2D.SpriteShape.Editor.dll
Symbol file LoadedFromMemory is not a mono symbol file
Symbol file data-000001E2106D3620 doesn't match image F:\Documents\404DevOps\_UnityProjects\DinoJump\dino-jump\DinoJump\Library\ScriptAssemblies\Unity.2D.Common.Editor.dll
Symbol file LoadedFromMemory is not a mono symbol file
Symbol file data-000001E2139BE010 doesn't match image F:\Documents\404DevOps\_UnityProjects\DinoJump\dino-jump\DinoJump\Library\ScriptAssemblies\Unity.2D.SpriteShape.Runtime.dll
Symbol file LoadedFromMemory is not a mono symbol file
Native extension for WindowsStandalone target not found
Native extension for WebGL target not found
Refreshing native plugins compatible for Editor in 0.45 ms, found 3 plugins.
Preloading 0 native plugins for Editor in 0.00 ms.
Mono: successfully reloaded assembly
- Completed reload, in  0.885 seconds
Domain Reload Profiling:
	ReloadAssembly (886ms)
		BeginReloadAssembly (112ms)
			ExecutionOrderSort (0ms)
			DisableScriptedObjects (5ms)
			BackupInstance (0ms)
			ReleaseScriptingObjects (0ms)
			CreateAndSetChildDomain (32ms)
		EndReloadAssembly (721ms)
			LoadAssemblies (94ms)
			RebuildTransferFunctionScriptingTraits (0ms)
			SetupTypeCache (260ms)
			ReleaseScriptCaches (1ms)
			RebuildScriptCaches (36ms)
			SetupLoadedEditorAssemblies (259ms)
				LogAssemblyErrors (0ms)
				InitializePlatformSupportModulesInManaged (4ms)
				SetLoadedEditorAssemblies (0ms)
				RefreshPlugins (0ms)
				BeforeProcessingInitializeOnLoad (70ms)
				ProcessInitializeOnLoadAttributes (168ms)
				ProcessInitializeOnLoadMethodAttributes (9ms)
				AfterProcessingInitializeOnLoad (6ms)
				EditorAssembliesLoaded (0ms)
			ExecutionOrderSort2 (0ms)
			AwakeInstancesAfterBackupRestoration (8ms)
Platform modules already initialized, skipping
Refreshing native plugins compatible for Editor in 0.46 ms, found 3 plugins.
Preloading 0 native plugins for Editor in 0.00 ms.
Unloading 2198 Unused Serialized files (Serialized files now loaded: 0)
System memory in use before: 99.1 MB.
System memory in use after: 99.1 MB.

Unloading 23 unused Assets to reduce memory usage. Loaded Objects now: 2641.
Total: 2.795900 ms (FindLiveObjects: 0.221500 ms CreateObjectMapping: 0.093600 ms MarkObjects: 2.375200 ms  DeleteObjects: 0.104600 ms)

AssetImportParameters requested are different than current active one (requested -> active):
  custom:framework-win-MediaFoundation: 216162199b28c13a410421893ffa2e32 -> 
  custom:video-decoder-ogg-theora: a1e56fd34408186e4bbccfd4996cb3dc -> 
  custom:container-muxer-webm: aa71ff27fc2769a1b78a27578f13a17b -> 
  custom:container-demuxer-webm: 4f35f7cbe854078d1ac9338744f61a02 -> 
  custom:container-demuxer-ogg: 62fdf1f143b41e24485cea50d1cbac27 -> 
  custom:video-encoder-webm-vp8: eb34c28f22e8b96e1ab97ce403110664 -> 
  custom:video-codec-MediaFoundation-h265: 746d11721c4dcdbdad8f713fa42b33f4 -> 
  custom:video-decoder-webm-vp8: 9c59270c3fd7afecdb556c50c9e8de78 -> 
  custom:audio-decoder-ogg-vorbis: bf7c407c2cedff20999df2af8eb42d56 -> 
  custom:audio-encoder-webm-vorbis: bf7c407c2cedff20999df2af8eb42d56 -> 
========================================================================
Received Prepare
Registering precompiled user dll's ...
Registered in 0.003301 seconds.
Begin MonoManager ReloadAssembly
Symbol file data-000001E20C7683B0 doesn't match image F:\Documents\404DevOps\_UnityProjects\DinoJump\dino-jump\DinoJump\Library\ScriptAssemblies\Assembly-CSharp.dll
Symbol file LoadedFromMemory is not a mono symbol file
Symbol file data-000001E214217020 doesn't match image F:\Documents\404DevOps\_UnityProjects\DinoJump\dino-jump\DinoJump\Library\ScriptAssemblies\Unity.2D.Animation.Editor.dll
Symbol file LoadedFromMemory is not a mono symbol file
Symbol file data-000001E2119C02F0 doesn't match image F:\Documents\404DevOps\_UnityProjects\DinoJump\dino-jump\DinoJump\Library\ScriptAssemblies\Unity.InternalAPIEngineBridge.001.dll
Symbol file LoadedFromMemory is not a mono symbol file
Symbol file data-000001E21253BE20 doesn't match image F:\Documents\404DevOps\_UnityProjects\DinoJump\dino-jump\DinoJump\Library\ScriptAssemblies\Unity.VSCode.Editor.dll
Symbol file LoadedFromMemory is not a mono symbol file
Symbol file data-000001E20C7683B0 doesn't match image F:\Documents\404DevOps\_UnityProjects\DinoJump\dino-jump\DinoJump\Library\ScriptAssemblies\Unity.2D.PixelPerfect.dll
Symbol file LoadedFromMemory is not a mono symbol file
Symbol file data-000001E214E77040 doesn't match image F:\Documents\404DevOps\_UnityProjects\DinoJump\dino-jump\DinoJump\Library\ScriptAssemblies\Unity.2D.Tilemap.Editor.dll
Symbol file LoadedFromMemory is not a mono symbol file
Symbol file data-000001E21575B020 doesn't match image F:\Documents\404DevOps\_UnityProjects\DinoJump\dino-jump\DinoJump\Library\ScriptAssemblies\PsdPlugin.dll
Symbol file LoadedFromMemory is not a mono symbol file
Symbol file data-000001E210C25D80 doesn't match image F:\Documents\404DevOps\_UnityProjects\DinoJump\dino-jump\DinoJump\Library\ScriptAssemblies\Unity.TextMeshPro.Editor.dll
Symbol file LoadedFromMemory is not a mono symbol file
Symbol file data-000001E211DFF010 doesn't match image F:\Documents\404DevOps\_UnityProjects\DinoJump\dino-jump\DinoJump\Library\ScriptAssemblies\Unity.VisualStudio.Editor.dll
Symbol file LoadedFromMemory is not a mono symbol file
Symbol file data-000001E21575B020 doesn't match image F:\Documents\404DevOps\_UnityProjects\DinoJump\dino-jump\DinoJump\Library\ScriptAssemblies\UnityEngine.TestRunner.dll
Symbol file LoadedFromMemory is not a mono symbol file
Symbol file data-000001E214E77040 doesn't match image F:\Documents\404DevOps\_UnityProjects\DinoJump\dino-jump\DinoJump\Library\ScriptAssemblies\Unity.Timeline.dll
Symbol file LoadedFromMemory is not a mono symbol file
Symbol file data-000001E210646010 doesn't match image F:\Documents\404DevOps\_UnityProjects\DinoJump\dino-jump\DinoJump\Library\ScriptAssemblies\Unity.TextMeshPro.dll
Symbol file LoadedFromMemory is not a mono symbol file
Symbol file data-000001E215534010 doesn't match image F:\Documents\404DevOps\_UnityProjects\DinoJump\dino-jump\DinoJump\Library\ScriptAssemblies\UnityEditor.TestRunner.dll
Symbol file LoadedFromMemory is not a mono symbol file
Symbol file data-000001E21253BE20 doesn't match image F:\Documents\404DevOps\_UnityProjects\DinoJump\dino-jump\DinoJump\Library\ScriptAssemblies\Unity.2D.IK.Editor.dll
Symbol file LoadedFromMemory is not a mono symbol file
Symbol file data-000001E215534010 doesn't match image F:\Documents\404DevOps\_UnityProjects\DinoJump\dino-jump\DinoJump\Library\ScriptAssemblies\Unity.2D.Sprite.Editor.dll
Symbol file LoadedFromMemory is not a mono symbol file
Symbol file data-000001E211DFF010 doesn't match image F:\Documents\404DevOps\_UnityProjects\DinoJump\dino-jump\DinoJump\Library\ScriptAssemblies\Unity.2D.Psdimporter.Editor.dll
Symbol file LoadedFromMemory is not a mono symbol file
Symbol file data-000001E21575B020 doesn't match image F:\Documents\404DevOps\_UnityProjects\DinoJump\dino-jump\DinoJump\Library\ScriptAssemblies\Unity.2D.Path.Editor.dll
Symbol file LoadedFromMemory is not a mono symbol file
Symbol file data-000001E214195830 doesn't match image F:\Documents\404DevOps\_UnityProjects\DinoJump\dino-jump\DinoJump\Library\ScriptAssemblies\Unity.InternalAPIEditorBridge.001.dll
Symbol file LoadedFromMemory is not a mono symbol file
Symbol file data-000001E20C6B4040 doesn't match image F:\Documents\404DevOps\_UnityProjects\DinoJump\dino-jump\DinoJump\Library\ScriptAssemblies\UnityEditor.UI.dll
Symbol file LoadedFromMemory is not a mono symbol file
Symbol file data-000001E2139E2010 doesn't match image F:\Documents\404DevOps\_UnityProjects\DinoJump\dino-jump\DinoJump\Library\ScriptAssemblies\Unity.PlasticSCM.Editor.dll
Symbol file LoadedFromMemory is not a mono symbol file
Symbol file data-000001E210416010 doesn't match image F:\Documents\404DevOps\_UnityProjects\DinoJump\dino-jump\DinoJump\Library\ScriptAssemblies\Unity.Rider.Editor.dll
Symbol file LoadedFromMemory is not a mono symbol file
Symbol file data-000001E21639C060 doesn't match image F:\Documents\404DevOps\_UnityProjects\DinoJump\dino-jump\DinoJump\Library\ScriptAssemblies\UnityEngine.UI.dll
Symbol file LoadedFromMemory is not a mono symbol file
Symbol file data-000001E2145FE010 doesn't match image F:\Documents\404DevOps\_UnityProjects\DinoJump\dino-jump\DinoJump\Library\ScriptAssemblies\Unity.Mathematics.dll
Symbol file LoadedFromMemory is not a mono symbol file
Symbol file data-000001E20CC82E90 doesn't match image F:\Documents\404DevOps\_UnityProjects\DinoJump\dino-jump\DinoJump\Library\ScriptAssemblies\Unity.2D.IK.Runtime.dll
Symbol file LoadedFromMemory is not a mono symbol file
Symbol file data-000001E210416010 doesn't match image F:\Documents\404DevOps\_UnityProjects\DinoJump\dino-jump\DinoJump\Library\ScriptAssemblies\Unity.Services.Core.Editor.dll
Symbol file LoadedFromMemory is not a mono symbol file
Symbol file data-000001E2149C8020 doesn't match image F:\Documents\404DevOps\_UnityProjects\DinoJump\dino-jump\DinoJump\Library\ScriptAssemblies\Unity.2D.Animation.Triangle.Runtime.dll
Symbol file LoadedFromMemory is not a mono symbol file
Symbol file data-000001E21204AC20 doesn't match image F:\Documents\404DevOps\_UnityProjects\DinoJump\dino-jump\DinoJump\Library\ScriptAssemblies\Unity.2D.Animation.Runtime.dll
Symbol file LoadedFromMemory is not a mono symbol file
Symbol file data-000001E215874420 doesn't match image F:\Documents\404DevOps\_UnityProjects\DinoJump\dino-jump\DinoJump\Library\ScriptAssemblies\Unity.2D.PixelPerfect.Editor.dll
Symbol file LoadedFromMemory is not a mono symbol file
Symbol file data-000001E213B44010 doesn't match image F:\Documents\404DevOps\_UnityProjects\DinoJump\dino-jump\DinoJump\Library\ScriptAssemblies\Unity.Timeline.Editor.dll
Symbol file LoadedFromMemory is not a mono symbol file
Symbol file data-000001E20CA1B010 doesn't match image F:\Documents\404DevOps\_UnityProjects\DinoJump\dino-jump\DinoJump\Library\ScriptAssemblies\Unity.CollabProxy.Editor.dll
Symbol file LoadedFromMemory is not a mono symbol file
Symbol file data-000001E20C7683B0 doesn't match image F:\Documents\404DevOps\_UnityProjects\DinoJump\dino-jump\DinoJump\Library\ScriptAssemblies\Unity.Mathematics.Editor.dll
Symbol file LoadedFromMemory is not a mono symbol file
Symbol file data-000001E2377A4010 doesn't match image F:\Documents\404DevOps\_UnityProjects\DinoJump\dino-jump\DinoJump\Library\ScriptAssemblies\Unity.2D.SpriteShape.Editor.dll
Symbol file LoadedFromMemory is not a mono symbol file
Symbol file data-000001E2106D3620 doesn't match image F:\Documents\404DevOps\_UnityProjects\DinoJump\dino-jump\DinoJump\Library\ScriptAssemblies\Unity.2D.Common.Editor.dll
Symbol file LoadedFromMemory is not a mono symbol file
Symbol file data-000001E21198C020 doesn't match image F:\Documents\404DevOps\_UnityProjects\DinoJump\dino-jump\DinoJump\Library\ScriptAssemblies\Unity.2D.SpriteShape.Runtime.dll
Symbol file LoadedFromMemory is not a mono symbol file
Native extension for WindowsStandalone target not found
Native extension for WebGL target not found
Refreshing native plugins compatible for Editor in 0.47 ms, found 3 plugins.
Preloading 0 native plugins for Editor in 0.00 ms.
Mono: successfully reloaded assembly
- Completed reload, in  0.979 seconds
Domain Reload Profiling:
	ReloadAssembly (979ms)
		BeginReloadAssembly (122ms)
			ExecutionOrderSort (0ms)
			DisableScriptedObjects (7ms)
			BackupInstance (0ms)
			ReleaseScriptingObjects (0ms)
			CreateAndSetChildDomain (34ms)
		EndReloadAssembly (802ms)
			LoadAssemblies (103ms)
			RebuildTransferFunctionScriptingTraits (0ms)
			SetupTypeCache (288ms)
			ReleaseScriptCaches (1ms)
			RebuildScriptCaches (40ms)
			SetupLoadedEditorAssemblies (293ms)
				LogAssemblyErrors (0ms)
				InitializePlatformSupportModulesInManaged (5ms)
				SetLoadedEditorAssemblies (0ms)
				RefreshPlugins (1ms)
				BeforeProcessingInitializeOnLoad (79ms)
				ProcessInitializeOnLoadAttributes (189ms)
				ProcessInitializeOnLoadMethodAttributes (11ms)
				AfterProcessingInitializeOnLoad (7ms)
				EditorAssembliesLoaded (0ms)
			ExecutionOrderSort2 (0ms)
			AwakeInstancesAfterBackupRestoration (9ms)
Platform modules already initialized, skipping
Refreshing native plugins compatible for Editor in 0.45 ms, found 3 plugins.
Preloading 0 native plugins for Editor in 0.00 ms.
Unloading 2198 Unused Serialized files (Serialized files now loaded: 0)
System memory in use before: 99.2 MB.
System memory in use after: 99.1 MB.

Unloading 23 unused Assets to reduce memory usage. Loaded Objects now: 2643.
Total: 3.631600 ms (FindLiveObjects: 0.191900 ms CreateObjectMapping: 0.101200 ms MarkObjects: 3.225900 ms  DeleteObjects: 0.111200 ms)

AssetImportParameters requested are different than current active one (requested -> active):
  custom:framework-win-MediaFoundation: 216162199b28c13a410421893ffa2e32 -> 
  custom:video-decoder-ogg-theora: a1e56fd34408186e4bbccfd4996cb3dc -> 
  custom:container-muxer-webm: aa71ff27fc2769a1b78a27578f13a17b -> 
  custom:container-demuxer-webm: 4f35f7cbe854078d1ac9338744f61a02 -> 
  custom:container-demuxer-ogg: 62fdf1f143b41e24485cea50d1cbac27 -> 
  custom:video-encoder-webm-vp8: eb34c28f22e8b96e1ab97ce403110664 -> 
  custom:video-codec-MediaFoundation-h265: 746d11721c4dcdbdad8f713fa42b33f4 -> 
  custom:video-decoder-webm-vp8: 9c59270c3fd7afecdb556c50c9e8de78 -> 
  custom:audio-decoder-ogg-vorbis: bf7c407c2cedff20999df2af8eb42d56 -> 
  custom:audio-encoder-webm-vorbis: bf7c407c2cedff20999df2af8eb42d56 -> 
========================================================================
Received Prepare
Registering precompiled user dll's ...
Registered in 0.002776 seconds.
Begin MonoManager ReloadAssembly
Symbol file data-000001E2163CAA40 doesn't match image F:\Documents\404DevOps\_UnityProjects\DinoJump\dino-jump\DinoJump\Library\ScriptAssemblies\Assembly-CSharp.dll
Symbol file LoadedFromMemory is not a mono symbol file
Symbol file data-000001E20CA33EE0 doesn't match image F:\Documents\404DevOps\_UnityProjects\DinoJump\dino-jump\DinoJump\Library\ScriptAssemblies\Unity.2D.Animation.Editor.dll
Symbol file LoadedFromMemory is not a mono symbol file
Symbol file data-000001E2165983A0 doesn't match image F:\Documents\404DevOps\_UnityProjects\DinoJump\dino-jump\DinoJump\Library\ScriptAssemblies\Unity.InternalAPIEngineBridge.001.dll
Symbol file LoadedFromMemory is not a mono symbol file
Symbol file data-000001E21253BE20 doesn't match image F:\Documents\404DevOps\_UnityProjects\DinoJump\dino-jump\DinoJump\Library\ScriptAssemblies\Unity.VSCode.Editor.dll
Symbol file LoadedFromMemory is not a mono symbol file
Symbol file data-000001E237B49E90 doesn't match image F:\Documents\404DevOps\_UnityProjects\DinoJump\dino-jump\DinoJump\Library\ScriptAssemblies\Unity.2D.PixelPerfect.dll
Symbol file LoadedFromMemory is not a mono symbol file
Symbol file data-000001E214E77040 doesn't match image F:\Documents\404DevOps\_UnityProjects\DinoJump\dino-jump\DinoJump\Library\ScriptAssemblies\Unity.2D.Tilemap.Editor.dll
Symbol file LoadedFromMemory is not a mono symbol file
Symbol file data-000001E213A80010 doesn't match image F:\Documents\404DevOps\_UnityProjects\DinoJump\dino-jump\DinoJump\Library\ScriptAssemblies\PsdPlugin.dll
Symbol file LoadedFromMemory is not a mono symbol file
Symbol file data-000001E210480410 doesn't match image F:\Documents\404DevOps\_UnityProjects\DinoJump\dino-jump\DinoJump\Library\ScriptAssemblies\Unity.TextMeshPro.Editor.dll
Symbol file LoadedFromMemory is not a mono symbol file
Symbol file data-000001E237B3D020 doesn't match image F:\Documents\404DevOps\_UnityProjects\DinoJump\dino-jump\DinoJump\Library\ScriptAssemblies\Unity.VisualStudio.Editor.dll
Symbol file LoadedFromMemory is not a mono symbol file
Symbol file data-000001E213A80010 doesn't match image F:\Documents\404DevOps\_UnityProjects\DinoJump\dino-jump\DinoJump\Library\ScriptAssemblies\UnityEngine.TestRunner.dll
Symbol file LoadedFromMemory is not a mono symbol file
Symbol file data-000001E2125A6410 doesn't match image F:\Documents\404DevOps\_UnityProjects\DinoJump\dino-jump\DinoJump\Library\ScriptAssemblies\Unity.Timeline.dll
Symbol file LoadedFromMemory is not a mono symbol file
Symbol file data-000001E216135020 doesn't match image F:\Documents\404DevOps\_UnityProjects\DinoJump\dino-jump\DinoJump\Library\ScriptAssemblies\Unity.TextMeshPro.dll
Symbol file LoadedFromMemory is not a mono symbol file
Symbol file data-000001E215534010 doesn't match image F:\Documents\404DevOps\_UnityProjects\DinoJump\dino-jump\DinoJump\Library\ScriptAssemblies\UnityEditor.TestRunner.dll
Symbol file LoadedFromMemory is not a mono symbol file
Symbol file data-000001E21253BE20 doesn't match image F:\Documents\404DevOps\_UnityProjects\DinoJump\dino-jump\DinoJump\Library\ScriptAssemblies\Unity.2D.IK.Editor.dll
Symbol file LoadedFromMemory is not a mono symbol file
Symbol file data-000001E215534010 doesn't match image F:\Documents\404DevOps\_UnityProjects\DinoJump\dino-jump\DinoJump\Library\ScriptAssemblies\Unity.2D.Sprite.Editor.dll
Symbol file LoadedFromMemory is not a mono symbol file
Symbol file data-000001E237B3D020 doesn't match image F:\Documents\404DevOps\_UnityProjects\DinoJump\dino-jump\DinoJump\Library\ScriptAssemblies\Unity.2D.Psdimporter.Editor.dll
Symbol file LoadedFromMemory is not a mono symbol file
Symbol file data-000001E213A80010 doesn't match image F:\Documents\404DevOps\_UnityProjects\DinoJump\dino-jump\DinoJump\Library\ScriptAssemblies\Unity.2D.Path.Editor.dll
Symbol file LoadedFromMemory is not a mono symbol file
Symbol file data-000001E211BBB290 doesn't match image F:\Documents\404DevOps\_UnityProjects\DinoJump\dino-jump\DinoJump\Library\ScriptAssemblies\Unity.InternalAPIEditorBridge.001.dll
Symbol file LoadedFromMemory is not a mono symbol file
Symbol file data-000001E2161BD010 doesn't match image F:\Documents\404DevOps\_UnityProjects\DinoJump\dino-jump\DinoJump\Library\ScriptAssemblies\UnityEditor.UI.dll
Symbol file LoadedFromMemory is not a mono symbol file
Symbol file data-000001E2139E2010 doesn't match image F:\Documents\404DevOps\_UnityProjects\DinoJump\dino-jump\DinoJump\Library\ScriptAssemblies\Unity.PlasticSCM.Editor.dll
Symbol file LoadedFromMemory is not a mono symbol file
Symbol file data-000001E21569D520 doesn't match image F:\Documents\404DevOps\_UnityProjects\DinoJump\dino-jump\DinoJump\Library\ScriptAssemblies\Unity.Rider.Editor.dll
Symbol file LoadedFromMemory is not a mono symbol file
Symbol file data-000001E21639C060 doesn't match image F:\Documents\404DevOps\_UnityProjects\DinoJump\dino-jump\DinoJump\Library\ScriptAssemblies\UnityEngine.UI.dll
Symbol file LoadedFromMemory is not a mono symbol file
Symbol file data-000001E20C76FF20 doesn't match image F:\Documents\404DevOps\_UnityProjects\DinoJump\dino-jump\DinoJump\Library\ScriptAssemblies\Unity.Mathematics.dll
Symbol file LoadedFromMemory is not a mono symbol file
Symbol file data-000001E21061C020 doesn't match image F:\Documents\404DevOps\_UnityProjects\DinoJump\dino-jump\DinoJump\Library\ScriptAssemblies\Unity.2D.IK.Runtime.dll
Symbol file LoadedFromMemory is not a mono symbol file
Symbol file data-000001E21569D520 doesn't match image F:\Documents\404DevOps\_UnityProjects\DinoJump\dino-jump\DinoJump\Library\ScriptAssemblies\Unity.Services.Core.Editor.dll
Symbol file LoadedFromMemory is not a mono symbol file
Symbol file data-000001E214974050 doesn't match image F:\Documents\404DevOps\_UnityProjects\DinoJump\dino-jump\DinoJump\Library\ScriptAssemblies\Unity.2D.Animation.Triangle.Runtime.dll
Symbol file LoadedFromMemory is not a mono symbol file
Symbol file data-000001E20C764020 doesn't match image F:\Documents\404DevOps\_UnityProjects\DinoJump\dino-jump\DinoJump\Library\ScriptAssemblies\Unity.2D.Animation.Runtime.dll
Symbol file LoadedFromMemory is not a mono symbol file
Symbol file data-000001E20CBBED50 doesn't match image F:\Documents\404DevOps\_UnityProjects\DinoJump\dino-jump\DinoJump\Library\ScriptAssemblies\Unity.2D.PixelPerfect.Editor.dll
Symbol file LoadedFromMemory is not a mono symbol file
Symbol file data-000001E213B44010 doesn't match image F:\Documents\404DevOps\_UnityProjects\DinoJump\dino-jump\DinoJump\Library\ScriptAssemblies\Unity.Timeline.Editor.dll
Symbol file LoadedFromMemory is not a mono symbol file
Symbol file data-000001E2112FC010 doesn't match image F:\Documents\404DevOps\_UnityProjects\DinoJump\dino-jump\DinoJump\Library\ScriptAssemblies\Unity.CollabProxy.Editor.dll
Symbol file LoadedFromMemory is not a mono symbol file
Symbol file data-000001E20C614620 doesn't match image F:\Documents\404DevOps\_UnityProjects\DinoJump\dino-jump\DinoJump\Library\ScriptAssemblies\Unity.Mathematics.Editor.dll
Symbol file LoadedFromMemory is not a mono symbol file
Symbol file data-000001E2153C51E0 doesn't match image F:\Documents\404DevOps\_UnityProjects\DinoJump\dino-jump\DinoJump\Library\ScriptAssemblies\Unity.2D.SpriteShape.Editor.dll
Symbol file LoadedFromMemory is not a mono symbol file
Symbol file data-000001E21253BE20 doesn't match image F:\Documents\404DevOps\_UnityProjects\DinoJump\dino-jump\DinoJump\Library\ScriptAssemblies\Unity.2D.Common.Editor.dll
Symbol file LoadedFromMemory is not a mono symbol file
Symbol file data-000001E2125A6410 doesn't match image F:\Documents\404DevOps\_UnityProjects\DinoJump\dino-jump\DinoJump\Library\ScriptAssemblies\Unity.2D.SpriteShape.Runtime.dll
Symbol file LoadedFromMemory is not a mono symbol file
Native extension for WindowsStandalone target not found
Native extension for WebGL target not found
Refreshing native plugins compatible for Editor in 0.45 ms, found 3 plugins.
Preloading 0 native plugins for Editor in 0.00 ms.
Mono: successfully reloaded assembly
- Completed reload, in  0.871 seconds
Domain Reload Profiling:
	ReloadAssembly (872ms)
		BeginReloadAssembly (108ms)
			ExecutionOrderSort (0ms)
			DisableScriptedObjects (5ms)
			BackupInstance (0ms)
			ReleaseScriptingObjects (0ms)
			CreateAndSetChildDomain (31ms)
		EndReloadAssembly (714ms)
			LoadAssemblies (90ms)
			RebuildTransferFunctionScriptingTraits (0ms)
			SetupTypeCache (249ms)
			ReleaseScriptCaches (1ms)
			RebuildScriptCaches (36ms)
			SetupLoadedEditorAssemblies (264ms)
				LogAssemblyErrors (0ms)
				InitializePlatformSupportModulesInManaged (5ms)
				SetLoadedEditorAssemblies (0ms)
				RefreshPlugins (1ms)
				BeforeProcessingInitializeOnLoad (73ms)
				ProcessInitializeOnLoadAttributes (171ms)
				ProcessInitializeOnLoadMethodAttributes (9ms)
				AfterProcessingInitializeOnLoad (6ms)
				EditorAssembliesLoaded (0ms)
			ExecutionOrderSort2 (0ms)
			AwakeInstancesAfterBackupRestoration (7ms)
Platform modules already initialized, skipping
Refreshing native plugins compatible for Editor in 0.43 ms, found 3 plugins.
Preloading 0 native plugins for Editor in 0.00 ms.
Unloading 2198 Unused Serialized files (Serialized files now loaded: 0)
System memory in use before: 99.2 MB.
System memory in use after: 99.1 MB.

Unloading 23 unused Assets to reduce memory usage. Loaded Objects now: 2645.
Total: 2.922300 ms (FindLiveObjects: 0.190600 ms CreateObjectMapping: 0.095800 ms MarkObjects: 2.511800 ms  DeleteObjects: 0.122800 ms)

AssetImportParameters requested are different than current active one (requested -> active):
  custom:framework-win-MediaFoundation: 216162199b28c13a410421893ffa2e32 -> 
  custom:video-decoder-ogg-theora: a1e56fd34408186e4bbccfd4996cb3dc -> 
  custom:container-muxer-webm: aa71ff27fc2769a1b78a27578f13a17b -> 
  custom:container-demuxer-webm: 4f35f7cbe854078d1ac9338744f61a02 -> 
  custom:container-demuxer-ogg: 62fdf1f143b41e24485cea50d1cbac27 -> 
  custom:video-encoder-webm-vp8: eb34c28f22e8b96e1ab97ce403110664 -> 
  custom:video-codec-MediaFoundation-h265: 746d11721c4dcdbdad8f713fa42b33f4 -> 
  custom:video-decoder-webm-vp8: 9c59270c3fd7afecdb556c50c9e8de78 -> 
  custom:audio-decoder-ogg-vorbis: bf7c407c2cedff20999df2af8eb42d56 -> 
  custom:audio-encoder-webm-vorbis: bf7c407c2cedff20999df2af8eb42d56 -> 
AssetImportWorkerClient::OnTransportError - code=2 error=End of file
